{"logTime": "0308/102427", "correlationVector":"T94y1KbXB8R8ic1ScXXUbs","action":"Commit Request", "result":"", "context":Item count: 1
Contributing types: Sessions}
{"logTime": "0308/102427", "correlationVector":"T94y1KbXB8R8ic1ScXXUbs.1","action":"SyncServerConnectionManagerRequest", "result":"SYNC_SERVER_OK", "context":{"environment":"Prod_NorthEurope_000h", "server":"general0100001A"}}
{"logTime": "0308/102427", "correlationVector":"T94y1KbXB8R8ic1ScXXUbs.2","action":"Commit Response", "result":"SYNCER_OK", "context":Result: SYNCER_OK. cV=T94y1KbXB8R8ic1ScXXUbs.0;server=general0100001A;cloudType=Consumer;environment=Prod_NorthEurope_000h;migrationStage=NotStarted}
{"logTime": "0308/103004", "correlationVector":"+zRhLHBw4ejqoX3eoEWdbU","action":"Commit Request", "result":"", "context":Item count: 1
Contributing types: Sessions}
{"logTime": "0308/103004", "correlationVector":"+zRhLHBw4ejqoX3eoEWdbU.1","action":"SyncServerConnectionManagerRequest", "result":"SYNC_SERVER_OK", "context":{"environment":"Prod_NorthEurope_000h", "server":"GENERAL01000027"}}
{"logTime": "0308/103004", "correlationVector":"+zRhLHBw4ejqoX3eoEWdbU.2","action":"Commit Response", "result":"SYNCER_OK", "context":Result: SYNCER_OK. cV=+zRhLHBw4ejqoX3eoEWdbU.0;server=GENERAL01000027;cloudType=Consumer;environment=Prod_NorthEurope_000h;migrationStage=NotStarted}
{"logTime": "0308/103035", "correlationVector":"3NkJMTZDOdARRe0VYis2fk","action":"Commit Request", "result":"", "context":Item count: 1
Contributing types: Sessions}
{"logTime": "0308/103035", "correlationVector":"3NkJMTZDOdARRe0VYis2fk.1","action":"SyncServerConnectionManagerRequest", "result":"SYNC_SERVER_OK", "context":{"environment":"Prod_NorthEurope_000h", "server":"GENERAL01000021"}}
{"logTime": "0308/103035", "correlationVector":"3NkJMTZDOdARRe0VYis2fk.2","action":"Commit Response", "result":"SYNCER_OK", "context":Result: SYNCER_OK. cV=3NkJMTZDOdARRe0VYis2fk.0;server=GENERAL01000021;cloudType=Consumer;environment=Prod_NorthEurope_000h;migrationStage=NotStarted}
{"logTime": "0308/103309", "correlationVector":"KvQn2HfD5stK3uubGswged","action":"Commit Request", "result":"", "context":Item count: 1
Contributing types: Sessions}
{"logTime": "0308/103310", "correlationVector":"KvQn2HfD5stK3uubGswged.1","action":"SyncServerConnectionManagerRequest", "result":"SYNC_SERVER_OK", "context":{"environment":"Prod_NorthEurope_x00f", "server":"GENERAL01000006"}}
{"logTime": "0308/103310", "correlationVector":"KvQn2HfD5stK3uubGswged.2","action":"Commit Response", "result":"SYNCER_OK", "context":Result: SYNCER_OK. cV=KvQn2HfD5stK3uubGswged.0;server=GENERAL01000006;cloudType=Consumer;environment=Prod_NorthEurope_x00f;migrationStage=NotStarted}
{"logTime": "0308/103340", "correlationVector":"WR7BCipXEgkYD6Ra9q5YUr","action":"Commit Request", "result":"", "context":Item count: 1
Contributing types: Sessions}
{"logTime": "0308/103340", "correlationVector":"WR7BCipXEgkYD6Ra9q5YUr.1","action":"SyncServerConnectionManagerRequest", "result":"SYNC_SERVER_OK", "context":{"environment":"Prod_WestEurope_x00e", "server":"general0100001Q"}}
{"logTime": "0308/103340", "correlationVector":"WR7BCipXEgkYD6Ra9q5YUr.2","action":"Commit Response", "result":"SYNCER_OK", "context":Result: SYNCER_OK. cV=WR7BCipXEgkYD6Ra9q5YUr.0;server=general0100001Q;cloudType=Consumer;environment=Prod_WestEurope_x00e;migrationStage=NotStarted}
{"logTime": "0308/103627", "correlationVector":"0x+vWhTUXQfnmDBcvs6gIp","action":"Commit Request", "result":"", "context":Item count: 1
Contributing types: Sessions}
{"logTime": "0308/103627", "correlationVector":"0x+vWhTUXQfnmDBcvs6gIp.1","action":"SyncServerConnectionManagerRequest", "result":"SYNC_SERVER_OK", "context":{"environment":"Prod_NorthEurope_x00f", "server":"GENERAL0100001L"}}
{"logTime": "0308/103627", "correlationVector":"0x+vWhTUXQfnmDBcvs6gIp.2","action":"Commit Response", "result":"SYNCER_OK", "context":Result: SYNCER_OK. cV=0x+vWhTUXQfnmDBcvs6gIp.0;server=GENERAL0100001L;cloudType=Consumer;environment=Prod_NorthEurope_x00f;migrationStage=NotStarted}
{"logTime": "0308/103702", "correlationVector":"aZ3ITe/FuuBWp6CeZIx/So","action":"Commit Request", "result":"", "context":Item count: 1
Contributing types: Sessions}
{"logTime": "0308/103702", "correlationVector":"aZ3ITe/FuuBWp6CeZIx/So.1","action":"SyncServerConnectionManagerRequest", "result":"SYNC_SERVER_OK", "context":{"environment":"Prod_NorthEurope_x00f", "server":"general0100002B"}}
{"logTime": "0308/103702", "correlationVector":"aZ3ITe/FuuBWp6CeZIx/So.2","action":"Commit Response", "result":"SYNCER_OK", "context":Result: SYNCER_OK. cV=aZ3ITe/FuuBWp6CeZIx/So.0;server=general0100002B;cloudType=Consumer;environment=Prod_NorthEurope_x00f;migrationStage=NotStarted}
{"logTime": "0308/103743", "correlationVector":"xQaLZgfcNTWQbBqYgtY6uI","action":"Commit Request", "result":"", "context":Item count: 1
Contributing types: Sessions}
{"logTime": "0308/103743", "correlationVector":"xQaLZgfcNTWQbBqYgtY6uI.1","action":"SyncServerConnectionManagerRequest", "result":"SYNC_SERVER_OK", "context":{"environment":"Prod_NorthEurope_000h", "server":"GENERAL0100002E"}}
{"logTime": "0308/103743", "correlationVector":"xQaLZgfcNTWQbBqYgtY6uI.2","action":"Commit Response", "result":"SYNCER_OK", "context":Result: SYNCER_OK. cV=xQaLZgfcNTWQbBqYgtY6uI.0;server=GENERAL0100002E;cloudType=Consumer;environment=Prod_NorthEurope_000h;migrationStage=NotStarted}
{"logTime": "0308/103820", "correlationVector":"4m8HC7HdU5/hY7oW/d6xJz","action":"Commit Request", "result":"", "context":Item count: 1
Contributing types: Sessions}
{"logTime": "0308/103821", "correlationVector":"4m8HC7HdU5/hY7oW/d6xJz.1","action":"SyncServerConnectionManagerRequest", "result":"SYNC_SERVER_OK", "context":{"environment":"Prod_NorthEurope_000h", "server":"GENERAL01000016"}}
{"logTime": "0308/103821", "correlationVector":"4m8HC7HdU5/hY7oW/d6xJz.2","action":"Commit Response", "result":"SYNCER_OK", "context":Result: SYNCER_OK. cV=4m8HC7HdU5/hY7oW/d6xJz.0;server=GENERAL01000016;cloudType=Consumer;environment=Prod_NorthEurope_000h;migrationStage=NotStarted}
{"logTime": "0308/103854", "correlationVector":"2QiaglipqjVBwtpNMV+ivF","action":"Commit Request", "result":"", "context":Item count: 1
Contributing types: Sessions}
{"logTime": "0308/103854", "correlationVector":"2QiaglipqjVBwtpNMV+ivF.1","action":"SyncServerConnectionManagerRequest", "result":"SYNC_SERVER_OK", "context":{"environment":"Prod_WestEurope_000l", "server":"GENERAL0100000Y"}}
{"logTime": "0308/103854", "correlationVector":"2QiaglipqjVBwtpNMV+ivF.2","action":"Commit Response", "result":"SYNCER_OK", "context":Result: SYNCER_OK. cV=2QiaglipqjVBwtpNMV+ivF.0;server=GENERAL0100000Y;cloudType=Consumer;environment=Prod_WestEurope_000l;migrationStage=NotStarted}
{"logTime": "0308/103940", "correlationVector":"Mwa2CiBdn3ZGAvLF3ZrZkY","action":"Commit Request", "result":"", "context":Item count: 1
Contributing types: Sessions}
{"logTime": "0308/103940", "correlationVector":"Mwa2CiBdn3ZGAvLF3ZrZkY.1","action":"SyncServerConnectionManagerRequest", "result":"SYNC_SERVER_OK", "context":{"environment":"Prod_NorthEurope_000h", "server":"GENERAL01000009"}}
{"logTime": "0308/103940", "correlationVector":"Mwa2CiBdn3ZGAvLF3ZrZkY.2","action":"Commit Response", "result":"SYNCER_OK", "context":Result: SYNCER_OK. cV=Mwa2CiBdn3ZGAvLF3ZrZkY.0;server=GENERAL01000009;cloudType=Consumer;environment=Prod_NorthEurope_000h;migrationStage=NotStarted}
{"logTime": "0308/104032", "correlationVector":"EsQv1mQ2ROlaaGLMdaRHfP","action":"Commit Request", "result":"", "context":Item count: 1
Contributing types: Sessions}
{"logTime": "0308/104032", "correlationVector":"EsQv1mQ2ROlaaGLMdaRHfP.1","action":"SyncServerConnectionManagerRequest", "result":"SYNC_SERVER_OK", "context":{"environment":"Prod_WestEurope_x00e", "server":"general0100002O"}}
{"logTime": "0308/104032", "correlationVector":"EsQv1mQ2ROlaaGLMdaRHfP.2","action":"Commit Response", "result":"SYNCER_OK", "context":Result: SYNCER_OK. cV=EsQv1mQ2ROlaaGLMdaRHfP.0;server=general0100002O;cloudType=Consumer;environment=Prod_WestEurope_x00e;migrationStage=NotStarted}
{"logTime": "0308/104217", "correlationVector":"v41W+F2sAMKCFI6zh1+mw8","action":"Commit Request", "result":"", "context":Item count: 1
Contributing types: Sessions}
{"logTime": "0308/104217", "correlationVector":"v41W+F2sAMKCFI6zh1+mw8.1","action":"SyncServerConnectionManagerRequest", "result":"SYNC_SERVER_OK", "context":{"environment":"Prod_NorthEurope_000h", "server":"GENERAL0100000J"}}
{"logTime": "0308/104217", "correlationVector":"v41W+F2sAMKCFI6zh1+mw8.2","action":"Commit Response", "result":"SYNCER_OK", "context":Result: SYNCER_OK. cV=v41W+F2sAMKCFI6zh1+mw8.0;server=GENERAL0100000J;cloudType=Consumer;environment=Prod_NorthEurope_000h;migrationStage=NotStarted}
{"logTime": "0308/104255", "correlationVector":"E91R3yZaJRMgiEEshXJxcg","action":"Commit Request", "result":"", "context":Item count: 1
Contributing types: Sessions}
{"logTime": "0308/104255", "correlationVector":"E91R3yZaJRMgiEEshXJxcg.1","action":"SyncServerConnectionManagerRequest", "result":"SYNC_SERVER_OK", "context":{"environment":"Prod_NorthEurope_x00f", "server":"general0100000P"}}
{"logTime": "0308/104255", "correlationVector":"E91R3yZaJRMgiEEshXJxcg.2","action":"Commit Response", "result":"SYNCER_OK", "context":Result: SYNCER_OK. cV=E91R3yZaJRMgiEEshXJxcg.0;server=general0100000P;cloudType=Consumer;environment=Prod_NorthEurope_x00f;migrationStage=NotStarted}
{"logTime": "0308/104606", "correlationVector":"3n6ZppLSTkVwXiLxFGShKV","action":"Commit Request", "result":"", "context":Item count: 1
Contributing types: Sessions}
{"logTime": "0308/104606", "correlationVector":"3n6ZppLSTkVwXiLxFGShKV.1","action":"SyncServerConnectionManagerRequest", "result":"SYNC_SERVER_OK", "context":{"environment":"Prod_WestEurope_x00e", "server":"general0100002E"}}
{"logTime": "0308/104606", "correlationVector":"3n6ZppLSTkVwXiLxFGShKV.2","action":"Commit Response", "result":"SYNCER_OK", "context":Result: SYNCER_OK. cV=3n6ZppLSTkVwXiLxFGShKV.0;server=general0100002E;cloudType=Consumer;environment=Prod_WestEurope_x00e;migrationStage=NotStarted}
{"logTime": "0308/104701", "correlationVector":"ZW9cB1j0aorg83Ly0uPLHJ","action":"Commit Request", "result":"", "context":Item count: 1
Contributing types: Sessions}
{"logTime": "0308/104701", "correlationVector":"ZW9cB1j0aorg83Ly0uPLHJ.1","action":"SyncServerConnectionManagerRequest", "result":"SYNC_SERVER_OK", "context":{"environment":"Prod_WestEurope_x00e", "server":"general0100000K"}}
{"logTime": "0308/104701", "correlationVector":"ZW9cB1j0aorg83Ly0uPLHJ.2","action":"Commit Response", "result":"SYNCER_OK", "context":Result: SYNCER_OK. cV=ZW9cB1j0aorg83Ly0uPLHJ.0;server=general0100000K;cloudType=Consumer;environment=Prod_WestEurope_x00e;migrationStage=NotStarted}
{"logTime": "0308/104732", "correlationVector":"8lz2U9NpCV7Sd5X1zsi6Yl","action":"Commit Request", "result":"", "context":Item count: 1
Contributing types: Sessions}
{"logTime": "0308/104732", "correlationVector":"8lz2U9NpCV7Sd5X1zsi6Yl.1","action":"SyncServerConnectionManagerRequest", "result":"SYNC_SERVER_OK", "context":{"environment":"Prod_WestEurope_x00e", "server":"general0100000T"}}
{"logTime": "0308/104732", "correlationVector":"8lz2U9NpCV7Sd5X1zsi6Yl.2","action":"Commit Response", "result":"SYNCER_OK", "context":Result: SYNCER_OK. cV=8lz2U9NpCV7Sd5X1zsi6Yl.0;server=general0100000T;cloudType=Consumer;environment=Prod_WestEurope_x00e;migrationStage=NotStarted}
{"logTime": "0308/104805", "correlationVector":"73U7i8VAD5qUQ3heh4OUvb","action":"Commit Request", "result":"", "context":Item count: 1
Contributing types: Sessions}
{"logTime": "0308/104805", "correlationVector":"73U7i8VAD5qUQ3heh4OUvb.1","action":"SyncServerConnectionManagerRequest", "result":"SYNC_SERVER_OK", "context":{"environment":"Prod_WestEurope_x00e", "server":"general0100000E"}}
{"logTime": "0308/104805", "correlationVector":"73U7i8VAD5qUQ3heh4OUvb.2","action":"Commit Response", "result":"SYNCER_OK", "context":Result: SYNCER_OK. cV=73U7i8VAD5qUQ3heh4OUvb.0;server=general0100000E;cloudType=Consumer;environment=Prod_WestEurope_x00e;migrationStage=NotStarted}
{"logTime": "0308/105233", "correlationVector":"wHSUiCpbMlOmm8jKQ+V2vr","action":"Commit Request", "result":"", "context":Item count: 1
Contributing types: Sessions}
{"logTime": "0308/105233", "correlationVector":"wHSUiCpbMlOmm8jKQ+V2vr.1","action":"SyncServerConnectionManagerRequest", "result":"SYNC_SERVER_OK", "context":{"environment":"Prod_NorthEurope_000h", "server":"general0100000G"}}
{"logTime": "0308/105233", "correlationVector":"wHSUiCpbMlOmm8jKQ+V2vr.2","action":"Commit Response", "result":"SYNCER_OK", "context":Result: SYNCER_OK. cV=wHSUiCpbMlOmm8jKQ+V2vr.0;server=general0100000G;cloudType=Consumer;environment=Prod_NorthEurope_000h;migrationStage=NotStarted}
{"logTime": "0308/105309", "correlationVector":"qrtH4XMWl/hy4pCfrOepCd","action":"Commit Request", "result":"", "context":Item count: 1
Contributing types: Sessions}
{"logTime": "0308/105309", "correlationVector":"qrtH4XMWl/hy4pCfrOepCd.1","action":"SyncServerConnectionManagerRequest", "result":"SYNC_SERVER_OK", "context":{"environment":"Prod_NorthEurope_000h", "server":"GENERAL01000007"}}
{"logTime": "0308/105309", "correlationVector":"qrtH4XMWl/hy4pCfrOepCd.2","action":"Commit Response", "result":"SYNCER_OK", "context":Result: SYNCER_OK. cV=qrtH4XMWl/hy4pCfrOepCd.0;server=GENERAL01000007;cloudType=Consumer;environment=Prod_NorthEurope_000h;migrationStage=NotStarted}
{"logTime": "0308/105353", "correlationVector":"67+OpdvAlFCm1bmSCBfHtY","action":"Commit Request", "result":"", "context":Item count: 1
Contributing types: Sessions}
{"logTime": "0308/105353", "correlationVector":"67+OpdvAlFCm1bmSCBfHtY.1","action":"SyncServerConnectionManagerRequest", "result":"SYNC_SERVER_OK", "context":{"environment":"Prod_NorthEurope_000h", "server":"general0100001O"}}
{"logTime": "0308/105353", "correlationVector":"67+OpdvAlFCm1bmSCBfHtY.2","action":"Commit Response", "result":"SYNCER_OK", "context":Result: SYNCER_OK. cV=67+OpdvAlFCm1bmSCBfHtY.0;server=general0100001O;cloudType=Consumer;environment=Prod_NorthEurope_000h;migrationStage=NotStarted}
{"logTime": "0308/105432", "correlationVector":"+E01RJY7nmU4sWzRXGxIm3","action":"Commit Request", "result":"", "context":Item count: 1
Contributing types: Sessions}
{"logTime": "0308/105432", "correlationVector":"+E01RJY7nmU4sWzRXGxIm3.1","action":"SyncServerConnectionManagerRequest", "result":"SYNC_SERVER_OK", "context":{"environment":"Prod_NorthEurope_000h", "server":"GENERAL0100001S"}}
{"logTime": "0308/105432", "correlationVector":"+E01RJY7nmU4sWzRXGxIm3.2","action":"Commit Response", "result":"SYNCER_OK", "context":Result: SYNCER_OK. cV=+E01RJY7nmU4sWzRXGxIm3.0;server=GENERAL0100001S;cloudType=Consumer;environment=Prod_NorthEurope_000h;migrationStage=NotStarted}
{"logTime": "0308/105525", "correlationVector":"h7wqkOW17IrfeROuKeIGum","action":"Commit Request", "result":"", "context":Item count: 1
Contributing types: Sessions}
{"logTime": "0308/105525", "correlationVector":"h7wqkOW17IrfeROuKeIGum.1","action":"SyncServerConnectionManagerRequest", "result":"SYNC_SERVER_OK", "context":{"environment":"Prod_WestEurope_000l", "server":"GENERAL0100000V"}}
{"logTime": "0308/105525", "correlationVector":"h7wqkOW17IrfeROuKeIGum.2","action":"Commit Response", "result":"SYNCER_OK", "context":Result: SYNCER_OK. cV=h7wqkOW17IrfeROuKeIGum.0;server=GENERAL0100000V;cloudType=Consumer;environment=Prod_WestEurope_000l;migrationStage=NotStarted}
{"logTime": "0308/105626", "correlationVector":"CwqdSN0s17n0OGg/jFznAd","action":"Commit Request", "result":"", "context":Item count: 1
Contributing types: Sessions}
{"logTime": "0308/105627", "correlationVector":"CwqdSN0s17n0OGg/jFznAd.1","action":"SyncServerConnectionManagerRequest", "result":"SYNC_SERVER_OK", "context":{"environment":"Prod_NorthEurope_000h", "server":"GENERAL01000027"}}
{"logTime": "0308/105627", "correlationVector":"CwqdSN0s17n0OGg/jFznAd.2","action":"Commit Response", "result":"SYNCER_OK", "context":Result: SYNCER_OK. cV=CwqdSN0s17n0OGg/jFznAd.0;server=GENERAL01000027;cloudType=Consumer;environment=Prod_NorthEurope_000h;migrationStage=NotStarted}
{"logTime": "0308/105921", "correlationVector":"sgf+QO0ZaC/L0jdMmMcB8o","action":"Commit Request", "result":"", "context":Item count: 1
Contributing types: Sessions}
{"logTime": "0308/105921", "correlationVector":"sgf+QO0ZaC/L0jdMmMcB8o.1","action":"SyncServerConnectionManagerRequest", "result":"SYNC_SERVER_OK", "context":{"environment":"Prod_NorthEurope_x00f", "server":"general0100000P"}}
{"logTime": "0308/105921", "correlationVector":"sgf+QO0ZaC/L0jdMmMcB8o.2","action":"Commit Response", "result":"SYNCER_OK", "context":Result: SYNCER_OK. cV=sgf+QO0ZaC/L0jdMmMcB8o.0;server=general0100000P;cloudType=Consumer;environment=Prod_NorthEurope_x00f;migrationStage=NotStarted}
{"logTime": "0308/110000", "correlationVector":"mAi/qBWVM8sklnc+A7uhqN","action":"Commit Request", "result":"", "context":Item count: 1
Contributing types: Sessions}
{"logTime": "0308/110000", "correlationVector":"mAi/qBWVM8sklnc+A7uhqN.1","action":"SyncServerConnectionManagerRequest", "result":"SYNC_SERVER_OK", "context":{"environment":"Prod_NorthEurope_000h", "server":"GENERAL0100000I"}}
{"logTime": "0308/110000", "correlationVector":"mAi/qBWVM8sklnc+A7uhqN.2","action":"Commit Response", "result":"SYNCER_OK", "context":Result: SYNCER_OK. cV=mAi/qBWVM8sklnc+A7uhqN.0;server=GENERAL0100000I;cloudType=Consumer;environment=Prod_NorthEurope_000h;migrationStage=NotStarted}
{"logTime": "0308/110134", "correlationVector":"BKinijotLvKTildS/Hnjns","action":"Commit Request", "result":"", "context":Item count: 1
Contributing types: Sessions}
{"logTime": "0308/110135", "correlationVector":"BKinijotLvKTildS/Hnjns.1","action":"SyncServerConnectionManagerRequest", "result":"SYNC_SERVER_OK", "context":{"environment":"Prod_WestEurope_x00e", "server":"general0100000O"}}
{"logTime": "0308/110135", "correlationVector":"BKinijotLvKTildS/Hnjns.2","action":"Commit Response", "result":"SYNCER_OK", "context":Result: SYNCER_OK. cV=BKinijotLvKTildS/Hnjns.0;server=general0100000O;cloudType=Consumer;environment=Prod_WestEurope_x00e;migrationStage=NotStarted}
{"logTime": "0308/110239", "correlationVector":"PWm/eUYOGQ3HRjPxOom3FO","action":"Commit Request", "result":"", "context":Item count: 1
Contributing types: Sessions}
{"logTime": "0308/110239", "correlationVector":"PWm/eUYOGQ3HRjPxOom3FO.1","action":"SyncServerConnectionManagerRequest", "result":"SYNC_SERVER_OK", "context":{"environment":"Prod_NorthEurope_x00f", "server":"GENERAL0100001X"}}
{"logTime": "0308/110239", "correlationVector":"PWm/eUYOGQ3HRjPxOom3FO.2","action":"Commit Response", "result":"SYNCER_OK", "context":Result: SYNCER_OK. cV=PWm/eUYOGQ3HRjPxOom3FO.0;server=GENERAL0100001X;cloudType=Consumer;environment=Prod_NorthEurope_x00f;migrationStage=NotStarted}
{"logTime": "0308/110602", "correlationVector":"bveTjMMTHYY+fsU0HQuxSy","action":"Commit Request", "result":"", "context":Item count: 1
Contributing types: Sessions}
{"logTime": "0308/110602", "correlationVector":"bveTjMMTHYY+fsU0HQuxSy.1","action":"SyncServerConnectionManagerRequest", "result":"SYNC_SERVER_OK", "context":{"environment":"Prod_WestEurope_x00e", "server":"general0100001B"}}
{"logTime": "0308/110602", "correlationVector":"bveTjMMTHYY+fsU0HQuxSy.2","action":"Commit Response", "result":"SYNCER_OK", "context":Result: SYNCER_OK. cV=bveTjMMTHYY+fsU0HQuxSy.0;server=general0100001B;cloudType=Consumer;environment=Prod_WestEurope_x00e;migrationStage=NotStarted}
{"logTime": "0308/110840", "correlationVector":"TskJhn6jjyXp53kasFeSfe","action":"Commit Request", "result":"", "context":Item count: 1
Contributing types: Sessions}
{"logTime": "0308/110840", "correlationVector":"TskJhn6jjyXp53kasFeSfe.1","action":"SyncServerConnectionManagerRequest", "result":"SYNC_SERVER_OK", "context":{"environment":"Prod_WestEurope_x00e", "server":"general0100001G"}}
{"logTime": "0308/110840", "correlationVector":"TskJhn6jjyXp53kasFeSfe.2","action":"Commit Response", "result":"SYNCER_OK", "context":Result: SYNCER_OK. cV=TskJhn6jjyXp53kasFeSfe.0;server=general0100001G;cloudType=Consumer;environment=Prod_WestEurope_x00e;migrationStage=NotStarted}
{"logTime": "0308/110951", "correlationVector":"pVgo1yfMj7le0JfBGXfc1P","action":"Commit Request", "result":"", "context":Item count: 1
Contributing types: Sessions}
{"logTime": "0308/110951", "correlationVector":"pVgo1yfMj7le0JfBGXfc1P.1","action":"SyncServerConnectionManagerRequest", "result":"SYNC_SERVER_OK", "context":{"environment":"Prod_WestEurope_x00e", "server":"general0100001L"}}
{"logTime": "0308/110951", "correlationVector":"pVgo1yfMj7le0JfBGXfc1P.2","action":"Commit Response", "result":"SYNCER_OK", "context":Result: SYNCER_OK. cV=pVgo1yfMj7le0JfBGXfc1P.0;server=general0100001L;cloudType=Consumer;environment=Prod_WestEurope_x00e;migrationStage=NotStarted}
{"logTime": "0308/111156", "correlationVector":"xe/GBB15H0VWRxfPUDxrSr","action":"Commit Request", "result":"", "context":Item count: 1
Contributing types: Sessions}
{"logTime": "0308/111156", "correlationVector":"xe/GBB15H0VWRxfPUDxrSr.1","action":"SyncServerConnectionManagerRequest", "result":"SYNC_SERVER_OK", "context":{"environment":"Prod_WestEurope_x00e", "server":"general01000015"}}
{"logTime": "0308/111156", "correlationVector":"xe/GBB15H0VWRxfPUDxrSr.2","action":"Commit Response", "result":"SYNCER_OK", "context":Result: SYNCER_OK. cV=xe/GBB15H0VWRxfPUDxrSr.0;server=general01000015;cloudType=Consumer;environment=Prod_WestEurope_x00e;migrationStage=NotStarted}
{"logTime": "0308/111249", "correlationVector":"nL5UjrrrgXu3MuAYD6hSh3","action":"Commit Request", "result":"", "context":Item count: 1
Contributing types: Sessions}
{"logTime": "0308/111249", "correlationVector":"nL5UjrrrgXu3MuAYD6hSh3.1","action":"SyncServerConnectionManagerRequest", "result":"SYNC_SERVER_OK", "context":{"environment":"Prod_NorthEurope_x00f", "server":"GENERAL0100001X"}}
{"logTime": "0308/111249", "correlationVector":"nL5UjrrrgXu3MuAYD6hSh3.2","action":"Commit Response", "result":"SYNCER_OK", "context":Result: SYNCER_OK. cV=nL5UjrrrgXu3MuAYD6hSh3.0;server=GENERAL0100001X;cloudType=Consumer;environment=Prod_NorthEurope_x00f;migrationStage=NotStarted}
{"logTime": "0308/111343", "correlationVector":"UFr1wY3+DEJ0nhGzo0R/VM","action":"Commit Request", "result":"", "context":Item count: 1
Contributing types: Sessions}
{"logTime": "0308/111343", "correlationVector":"UFr1wY3+DEJ0nhGzo0R/VM.1","action":"SyncServerConnectionManagerRequest", "result":"SYNC_SERVER_OK", "context":{"environment":"Prod_NorthEurope_x00f", "server":"GENERAL0100001Y"}}
{"logTime": "0308/111343", "correlationVector":"UFr1wY3+DEJ0nhGzo0R/VM.2","action":"Commit Response", "result":"SYNCER_OK", "context":Result: SYNCER_OK. cV=UFr1wY3+DEJ0nhGzo0R/VM.0;server=GENERAL0100001Y;cloudType=Consumer;environment=Prod_NorthEurope_x00f;migrationStage=NotStarted}
{"logTime": "0308/111417", "correlationVector":"ks4l3pVjLIMxuW5OfgToxa","action":"Commit Request", "result":"", "context":Item count: 1
Contributing types: Sessions}
{"logTime": "0308/111417", "correlationVector":"ks4l3pVjLIMxuW5OfgToxa.1","action":"SyncServerConnectionManagerRequest", "result":"SYNC_SERVER_OK", "context":{"environment":"Prod_NorthEurope_x00f", "server":"general0100000P"}}
{"logTime": "0308/111417", "correlationVector":"ks4l3pVjLIMxuW5OfgToxa.2","action":"Commit Response", "result":"SYNCER_OK", "context":Result: SYNCER_OK. cV=ks4l3pVjLIMxuW5OfgToxa.0;server=general0100000P;cloudType=Consumer;environment=Prod_NorthEurope_x00f;migrationStage=NotStarted}
{"logTime": "0308/111625", "correlationVector":"WYQr3vuxpiJ+pQSFfQJ3bd","action":"Commit Request", "result":"", "context":Item count: 1
Contributing types: Sessions}
{"logTime": "0308/111625", "correlationVector":"WYQr3vuxpiJ+pQSFfQJ3bd.1","action":"SyncServerConnectionManagerRequest", "result":"SYNC_SERVER_OK", "context":{"environment":"Prod_WestEurope_x00e", "server":"general0100000J"}}
{"logTime": "0308/111625", "correlationVector":"WYQr3vuxpiJ+pQSFfQJ3bd.2","action":"Commit Response", "result":"SYNCER_OK", "context":Result: SYNCER_OK. cV=WYQr3vuxpiJ+pQSFfQJ3bd.0;server=general0100000J;cloudType=Consumer;environment=Prod_WestEurope_x00e;migrationStage=NotStarted}
{"logTime": "0308/112018", "correlationVector":"QcycxAhz4SikX48yAEiPON","action":"Commit Request", "result":"", "context":Item count: 1
Contributing types: Sessions}
{"logTime": "0308/112018", "correlationVector":"QcycxAhz4SikX48yAEiPON.1","action":"SyncServerConnectionManagerRequest", "result":"SYNC_SERVER_OK", "context":{"environment":"Prod_NorthEurope_x00f", "server":"GENERAL01000006"}}
{"logTime": "0308/112018", "correlationVector":"QcycxAhz4SikX48yAEiPON.2","action":"Commit Response", "result":"SYNCER_OK", "context":Result: SYNCER_OK. cV=QcycxAhz4SikX48yAEiPON.0;server=GENERAL01000006;cloudType=Consumer;environment=Prod_NorthEurope_x00f;migrationStage=NotStarted}
{"logTime": "0308/112609", "correlationVector":"nH3XE2TyQbbc8v0kHlZpS8","action":"Commit Request", "result":"", "context":Item count: 1
Contributing types: Sessions}
{"logTime": "0308/112609", "correlationVector":"nH3XE2TyQbbc8v0kHlZpS8.1","action":"SyncServerConnectionManagerRequest", "result":"SYNC_SERVER_OK", "context":{"environment":"Prod_NorthEurope_x00f", "server":"general0100001Q"}}
{"logTime": "0308/112609", "correlationVector":"nH3XE2TyQbbc8v0kHlZpS8.2","action":"Commit Response", "result":"SYNCER_OK", "context":Result: SYNCER_OK. cV=nH3XE2TyQbbc8v0kHlZpS8.0;server=general0100001Q;cloudType=Consumer;environment=Prod_NorthEurope_x00f;migrationStage=NotStarted}
{"logTime": "0308/112717", "correlationVector":"s96CKRe7QxzShkDMizustB","action":"Commit Request", "result":"", "context":Item count: 1
Contributing types: Sessions}
{"logTime": "0308/112717", "correlationVector":"s96CKRe7QxzShkDMizustB.1","action":"SyncServerConnectionManagerRequest", "result":"SYNC_SERVER_OK", "context":{"environment":"Prod_NorthEurope_x00f", "server":"GENERAL0100001T"}}
{"logTime": "0308/112717", "correlationVector":"s96CKRe7QxzShkDMizustB.2","action":"Commit Response", "result":"SYNCER_OK", "context":Result: SYNCER_OK. cV=s96CKRe7QxzShkDMizustB.0;server=GENERAL0100001T;cloudType=Consumer;environment=Prod_NorthEurope_x00f;migrationStage=NotStarted}
{"logTime": "0308/112852", "correlationVector":"7HLmRb4/b+lgH9wL8Vvgy6","action":"Commit Request", "result":"", "context":Item count: 1
Contributing types: Sessions}
{"logTime": "0308/112852", "correlationVector":"7HLmRb4/b+lgH9wL8Vvgy6.1","action":"SyncServerConnectionManagerRequest", "result":"SYNC_SERVER_OK", "context":{"environment":"Prod_NorthEurope_000h", "server":"general01000005"}}
{"logTime": "0308/112852", "correlationVector":"7HLmRb4/b+lgH9wL8Vvgy6.2","action":"Commit Response", "result":"SYNCER_OK", "context":Result: SYNCER_OK. cV=7HLmRb4/b+lgH9wL8Vvgy6.0;server=general01000005;cloudType=Consumer;environment=Prod_NorthEurope_000h;migrationStage=NotStarted}
{"logTime": "0308/113829", "correlationVector":"+ZK8+f+3cRJdhRt6rizq4E","action":"Commit Request", "result":"", "context":Item count: 1
Contributing types: Sessions}
{"logTime": "0308/113829", "correlationVector":"+ZK8+f+3cRJdhRt6rizq4E.1","action":"SyncServerConnectionManagerRequest", "result":"SYNC_SERVER_OK", "context":{"environment":"Prod_WestEurope_000l", "server":"GENERAL0100000T"}}
{"logTime": "0308/113829", "correlationVector":"+ZK8+f+3cRJdhRt6rizq4E.2","action":"Commit Response", "result":"SYNCER_OK", "context":Result: SYNCER_OK. cV=+ZK8+f+3cRJdhRt6rizq4E.0;server=GENERAL0100000T;cloudType=Consumer;environment=Prod_WestEurope_000l;migrationStage=NotStarted}
{"logTime": "0308/165135", "correlationVector":"MZ5NtV1kn1SBoA5UBKL8Ha.0","action":"FeedSettingFetch_homeCloud", "result":"0", "context":{}}
{"logTime": "0308/165135", "correlationVector":"VD9ZqM+BLB8L57AgEGnp5g.1","action":"SyncServerConnectionManagerRequest", "result":"SYNC_SERVER_OK", "context":{"environment":"Prod_NorthEurope_000h", "server":"GENERAL0100002Q"}}
{"logTime": "0308/165135", "correlationVector":"VD9ZqM+BLB8L57AgEGnp5g","action":"Initial GetUpdates", "result":"", "context":Reason: NEW_CLIENT. cV=VD9ZqM+BLB8L57AgEGnp5g}
{"logTime": "0308/165135", "correlationVector":"VD9ZqM+BLB8L57AgEGnp5g.2","action":"GetUpdates Response", "result":"SYNCER_OK", "context":Received 1 update(s). cV=VD9ZqM+BLB8L57AgEGnp5g.0;server=GENERAL0100002Q;cloudType=Consumer;environment=Prod_NorthEurope_000h;migrationStage=NotStarted}
{"logTime": "0308/165135", "correlationVector":"SdbRIwvTvivuqmJpE6uuMG","action":"Normal GetUpdate request", "result":"", "context":cV=SdbRIwvTvivuqmJpE6uuMG
Nudged types: Sessions, User Consents
Refresh requested types: Bookmarks, Preferences, Autofill Custom Data, Typed URLs, Extensions, Sessions, Extension settings, History Delete Directives, Device Info, User Consents, Send Tab To Self, Web Apps, Collection, Edge E Drop, Encryption Keys}
{"logTime": "0308/165135", "correlationVector":"SdbRIwvTvivuqmJpE6uuMG.1","action":"SyncServerConnectionManagerRequest", "result":"SYNC_SERVER_OK", "context":{"environment":"Prod_NorthEurope_000h", "server":"GENERAL0100002P"}}
{"logTime": "0308/165135", "correlationVector":"SdbRIwvTvivuqmJpE6uuMG.2","action":"GetUpdates Response", "result":"SYNCER_OK", "context":Received 1 update(s). cV=SdbRIwvTvivuqmJpE6uuMG.0;server=GENERAL0100002P;cloudType=Consumer;environment=Prod_NorthEurope_000h;migrationStage=NotStarted}
{"logTime": "0308/165135", "correlationVector":"oesD0+ZZX4wyzWBd/t5GZJ","action":"Commit Request", "result":"", "context":Item count: 4
Contributing types: Sessions, User Consents}
{"logTime": "0308/165135", "correlationVector":"oesD0+ZZX4wyzWBd/t5GZJ.1","action":"SyncServerConnectionManagerRequest", "result":"SYNC_SERVER_OK", "context":{"environment":"Prod_WestEurope_x00e", "server":"general0100000J"}}
{"logTime": "0308/165135", "correlationVector":"oesD0+ZZX4wyzWBd/t5GZJ.3","action":"Commit.Sessions", "result":"Success", "context":{"id":"bde73b2b-af0a-437a-85bf-c4043ae4075b", "isDeleted":"true", "size":"0", "version":"1678275508099"}}
{"logTime": "0308/165135", "correlationVector":"oesD0+ZZX4wyzWBd/t5GZJ.2","action":"Commit Response", "result":"SYNCER_OK", "context":Result: SYNCER_OK. cV=oesD0+ZZX4wyzWBd/t5GZJ.0;server=general0100000J;cloudType=Consumer;environment=Prod_WestEurope_x00e;migrationStage=NotStarted}
{"logTime": "0308/165135", "correlationVector":"QbQd1QiaA+jgdB4JV7INy8","action":"SyncServerConnectionManagerRequest", "result":"SYNC_SERVER_OK", "context":{"environment":"", "server":""}}
{"logTime": "0308/165135", "correlationVector":"PtFYuwS/4+lJSd74vnotaT","action":"Normal GetUpdate request", "result":"", "context":cV=PtFYuwS/4+lJSd74vnotaT
Nudged types: Sessions}
{"logTime": "0308/165135", "correlationVector":"PtFYuwS/4+lJSd74vnotaT.1","action":"SyncServerConnectionManagerRequest", "result":"SYNC_SERVER_OK", "context":{"environment":"Prod_WestEurope_x00e", "server":"general01000012"}}
{"logTime": "0308/165135", "correlationVector":"PtFYuwS/4+lJSd74vnotaT.2","action":"GetUpdates", "result":"DeleteReceived", "context":{"id":"bde73b2b-af0a-437a-85bf-c4043ae4075b", "isDeleted:":"true", "version":"1678294235634"}}
{"logTime": "0308/165135", "correlationVector":"PtFYuwS/4+lJSd74vnotaT.3","action":"GetUpdates Response", "result":"SYNCER_OK", "context":Received 3 update(s). cV=PtFYuwS/4+lJSd74vnotaT.0;server=general01000012;cloudType=Consumer;environment=Prod_WestEurope_x00e;migrationStage=NotStarted}
{"logTime": "0308/165135", "correlationVector":"TbiBOUpTws3WhpNnaFoHFx","action":"Commit Request", "result":"", "context":Item count: 1
Contributing types: Sessions}
{"logTime": "0308/165135", "correlationVector":"TbiBOUpTws3WhpNnaFoHFx.1","action":"SyncServerConnectionManagerRequest", "result":"SYNC_SERVER_OK", "context":{"environment":"Prod_WestEurope_000l", "server":"general01000021"}}
{"logTime": "0308/165135", "correlationVector":"TbiBOUpTws3WhpNnaFoHFx.2","action":"Commit Response", "result":"SYNCER_OK", "context":Result: SYNCER_OK. cV=TbiBOUpTws3WhpNnaFoHFx.0;server=general01000021;cloudType=Consumer;environment=Prod_WestEurope_000l;migrationStage=NotStarted}
{"logTime": "0308/165135", "correlationVector":"FH93AWZl4jy38FqsWKLh7M","action":"Normal GetUpdate request", "result":"", "context":cV=FH93AWZl4jy38FqsWKLh7M
Nudged types: Sessions
Refresh requested types: Bookmarks, Preferences, Passwords, Autofill Profiles, Autofill, Autofill Custom Data, Typed URLs, Extensions, Sessions, Extension settings, History Delete Directives, Device Info, User Consents, Send Tab To Self, Web Apps, Collection, Edge E Drop, Encryption Keys}
{"logTime": "0308/165135", "correlationVector":"FH93AWZl4jy38FqsWKLh7M.1","action":"SyncServerConnectionManagerRequest", "result":"SYNC_SERVER_OK", "context":{"environment":"Prod_NorthEurope_000h", "server":"GENERAL0100000J"}}
{"logTime": "0308/165135", "correlationVector":"FH93AWZl4jy38FqsWKLh7M.2","action":"GetUpdates Response", "result":"SYNCER_OK", "context":Received 1 update(s). cV=FH93AWZl4jy38FqsWKLh7M.0;server=GENERAL0100000J;cloudType=Consumer;environment=Prod_NorthEurope_000h;migrationStage=NotStarted}
{"logTime": "0308/165848", "correlationVector":"tn5XdiX1m71duF+uFsnciP","action":"Normal GetUpdate request", "result":"", "context":cV=tn5XdiX1m71duF+uFsnciP
Nudged types: Sessions}
{"logTime": "0308/165848", "correlationVector":"tn5XdiX1m71duF+uFsnciP.1","action":"SyncServerConnectionManagerRequest", "result":"SYNC_SERVER_OK", "context":{"environment":"Prod_NorthEurope_000h", "server":"GENERAL0100000K"}}
{"logTime": "0308/165848", "correlationVector":"tn5XdiX1m71duF+uFsnciP.2","action":"GetUpdates Response", "result":"SYNCER_OK", "context":Received 0 update(s). cV=tn5XdiX1m71duF+uFsnciP.0;server=GENERAL0100000K;cloudType=Consumer;environment=Prod_NorthEurope_000h;migrationStage=NotStarted}
{"logTime": "0308/165849", "correlationVector":"GBInF8vvHRwc8732s4aYMV","action":"Commit Request", "result":"", "context":Item count: 1
Contributing types: Sessions}
{"logTime": "0308/165849", "correlationVector":"GBInF8vvHRwc8732s4aYMV.1","action":"SyncServerConnectionManagerRequest", "result":"SYNC_SERVER_OK", "context":{"environment":"Prod_WestEurope_000l", "server":"GENERAL0100000X"}}
{"logTime": "0308/165849", "correlationVector":"GBInF8vvHRwc8732s4aYMV.2","action":"Commit Response", "result":"SYNCER_OK", "context":Result: SYNCER_OK. cV=GBInF8vvHRwc8732s4aYMV.0;server=GENERAL0100000X;cloudType=Consumer;environment=Prod_WestEurope_000l;migrationStage=NotStarted}
{"logTime": "0308/165919", "correlationVector":"7uNw12Uat2WrrJTnE5c+4H","action":"Commit Request", "result":"", "context":Item count: 1
Contributing types: Sessions}
{"logTime": "0308/165919", "correlationVector":"7uNw12Uat2WrrJTnE5c+4H.1","action":"SyncServerConnectionManagerRequest", "result":"SYNC_SERVER_OK", "context":{"environment":"Prod_NorthEurope_000h", "server":"GENERAL0100000O"}}
{"logTime": "0308/165919", "correlationVector":"7uNw12Uat2WrrJTnE5c+4H.2","action":"Commit Response", "result":"SYNCER_OK", "context":Result: SYNCER_OK. cV=7uNw12Uat2WrrJTnE5c+4H.0;server=GENERAL0100000O;cloudType=Consumer;environment=Prod_NorthEurope_000h;migrationStage=NotStarted}
{"logTime": "0308/165950", "correlationVector":"SCrVLVZZeE+f283YHXaqOl","action":"Commit Request", "result":"", "context":Item count: 1
Contributing types: Sessions}
{"logTime": "0308/165951", "correlationVector":"SCrVLVZZeE+f283YHXaqOl.1","action":"SyncServerConnectionManagerRequest", "result":"SYNC_SERVER_OK", "context":{"environment":"Prod_WestEurope_000l", "server":"GENERAL0100000W"}}
{"logTime": "0308/165951", "correlationVector":"SCrVLVZZeE+f283YHXaqOl.2","action":"Commit Response", "result":"SYNCER_OK", "context":Result: SYNCER_OK. cV=SCrVLVZZeE+f283YHXaqOl.0;server=GENERAL0100000W;cloudType=Consumer;environment=Prod_WestEurope_000l;migrationStage=NotStarted}
{"logTime": "0308/170031", "correlationVector":"wLFtmuoa/sxZVGqpo9dRQG","action":"Commit Request", "result":"", "context":Item count: 1
Contributing types: Sessions}
{"logTime": "0308/170031", "correlationVector":"wLFtmuoa/sxZVGqpo9dRQG.1","action":"SyncServerConnectionManagerRequest", "result":"SYNC_SERVER_OK", "context":{"environment":"Prod_NorthEurope_000h", "server":"general0100000V"}}
{"logTime": "0308/170031", "correlationVector":"wLFtmuoa/sxZVGqpo9dRQG.2","action":"Commit Response", "result":"SYNCER_OK", "context":Result: SYNCER_OK. cV=wLFtmuoa/sxZVGqpo9dRQG.0;server=general0100000V;cloudType=Consumer;environment=Prod_NorthEurope_000h;migrationStage=NotStarted}
{"logTime": "0308/170125", "correlationVector":"U5OHBaAJ2NJHfes3q8dkpp","action":"Commit Request", "result":"", "context":Item count: 1
Contributing types: Sessions}
{"logTime": "0308/170125", "correlationVector":"U5OHBaAJ2NJHfes3q8dkpp.1","action":"SyncServerConnectionManagerRequest", "result":"SYNC_SERVER_OK", "context":{"environment":"Prod_WestEurope_000l", "server":"GENERAL01000017"}}
{"logTime": "0308/170125", "correlationVector":"U5OHBaAJ2NJHfes3q8dkpp.2","action":"Commit Response", "result":"SYNCER_OK", "context":Result: SYNCER_OK. cV=U5OHBaAJ2NJHfes3q8dkpp.0;server=GENERAL01000017;cloudType=Consumer;environment=Prod_WestEurope_000l;migrationStage=NotStarted}
{"logTime": "0308/170307", "correlationVector":"nZ7dH1nJhwFCJDAO5ffCmR","action":"Commit Request", "result":"", "context":Item count: 1
Contributing types: Sessions}
{"logTime": "0308/170308", "correlationVector":"nZ7dH1nJhwFCJDAO5ffCmR.1","action":"SyncServerConnectionManagerRequest", "result":"SYNC_SERVER_OK", "context":{"environment":"Prod_NorthEurope_000h", "server":"general01000015"}}
{"logTime": "0308/170308", "correlationVector":"nZ7dH1nJhwFCJDAO5ffCmR.2","action":"Commit Response", "result":"SYNCER_OK", "context":Result: SYNCER_OK. cV=nZ7dH1nJhwFCJDAO5ffCmR.0;server=general01000015;cloudType=Consumer;environment=Prod_NorthEurope_000h;migrationStage=NotStarted}
{"logTime": "0308/170511", "correlationVector":"WoXAED8wEsWgfUmOCC4itS","action":"Commit Request", "result":"", "context":Item count: 1
Contributing types: Sessions}
{"logTime": "0308/170511", "correlationVector":"WoXAED8wEsWgfUmOCC4itS.1","action":"SyncServerConnectionManagerRequest", "result":"SYNC_SERVER_OK", "context":{"environment":"Prod_WestEurope_000l", "server":"GENERAL01000009"}}
{"logTime": "0308/170511", "correlationVector":"WoXAED8wEsWgfUmOCC4itS.2","action":"Commit Response", "result":"SYNCER_OK", "context":Result: SYNCER_OK. cV=WoXAED8wEsWgfUmOCC4itS.0;server=GENERAL01000009;cloudType=Consumer;environment=Prod_WestEurope_000l;migrationStage=NotStarted}
{"logTime": "0308/170608", "correlationVector":"A/dX/68RfDGBbE4Gemk3rH","action":"Commit Request", "result":"", "context":Item count: 1
Contributing types: Sessions}
{"logTime": "0308/170609", "correlationVector":"A/dX/68RfDGBbE4Gemk3rH.1","action":"SyncServerConnectionManagerRequest", "result":"SYNC_SERVER_OK", "context":{"environment":"Prod_NorthEurope_x00f", "server":"general0100002B"}}
{"logTime": "0308/170609", "correlationVector":"A/dX/68RfDGBbE4Gemk3rH.2","action":"Commit Response", "result":"SYNCER_OK", "context":Result: SYNCER_OK. cV=A/dX/68RfDGBbE4Gemk3rH.0;server=general0100002B;cloudType=Consumer;environment=Prod_NorthEurope_x00f;migrationStage=NotStarted}
{"logTime": "0308/170802", "correlationVector":"gBN6WOR+qE0gWiFL02ZIgy","action":"Commit Request", "result":"", "context":Item count: 1
Contributing types: Sessions}
{"logTime": "0308/170802", "correlationVector":"gBN6WOR+qE0gWiFL02ZIgy.1","action":"SyncServerConnectionManagerRequest", "result":"SYNC_SERVER_OK", "context":{"environment":"Prod_NorthEurope_x00f", "server":"GENERAL0100001X"}}
{"logTime": "0308/170802", "correlationVector":"gBN6WOR+qE0gWiFL02ZIgy.2","action":"Commit Response", "result":"SYNCER_OK", "context":Result: SYNCER_OK. cV=gBN6WOR+qE0gWiFL02ZIgy.0;server=GENERAL0100001X;cloudType=Consumer;environment=Prod_NorthEurope_x00f;migrationStage=NotStarted}
{"logTime": "0308/170832", "correlationVector":"nAmbWr5L/4FhGksM7LDTuo","action":"Commit Request", "result":"", "context":Item count: 1
Contributing types: Sessions}
{"logTime": "0308/170832", "correlationVector":"nAmbWr5L/4FhGksM7LDTuo.1","action":"SyncServerConnectionManagerRequest", "result":"SYNC_SERVER_OK", "context":{"environment":"Prod_WestEurope_x00e", "server":"general0100002G"}}
{"logTime": "0308/170832", "correlationVector":"nAmbWr5L/4FhGksM7LDTuo.2","action":"Commit Response", "result":"SYNCER_OK", "context":Result: SYNCER_OK. cV=nAmbWr5L/4FhGksM7LDTuo.0;server=general0100002G;cloudType=Consumer;environment=Prod_WestEurope_x00e;migrationStage=NotStarted}
{"logTime": "0308/171133", "correlationVector":"b0nG37z/M/IgfPvssXXnoz","action":"Commit Request", "result":"", "context":Item count: 1
Contributing types: Sessions}
{"logTime": "0308/171134", "correlationVector":"b0nG37z/M/IgfPvssXXnoz.1","action":"SyncServerConnectionManagerRequest", "result":"SYNC_SERVER_OK", "context":{"environment":"Prod_WestEurope_x00e", "server":"general01000002"}}
{"logTime": "0308/171134", "correlationVector":"b0nG37z/M/IgfPvssXXnoz.2","action":"Commit Response", "result":"SYNCER_OK", "context":Result: SYNCER_OK. cV=b0nG37z/M/IgfPvssXXnoz.0;server=general01000002;cloudType=Consumer;environment=Prod_WestEurope_x00e;migrationStage=NotStarted}
{"logTime": "0308/171227", "correlationVector":"p/y2GLl8Vp65X0EmFLoonI","action":"Commit Request", "result":"", "context":Item count: 1
Contributing types: Sessions}
{"logTime": "0308/171228", "correlationVector":"p/y2GLl8Vp65X0EmFLoonI.1","action":"SyncServerConnectionManagerRequest", "result":"SYNC_SERVER_OK", "context":{"environment":"Prod_WestEurope_x00e", "server":"general0100002O"}}
{"logTime": "0308/171228", "correlationVector":"p/y2GLl8Vp65X0EmFLoonI.2","action":"Commit Response", "result":"SYNCER_OK", "context":Result: SYNCER_OK. cV=p/y2GLl8Vp65X0EmFLoonI.0;server=general0100002O;cloudType=Consumer;environment=Prod_WestEurope_x00e;migrationStage=NotStarted}
{"logTime": "0308/171502", "correlationVector":"KsxnPycjpZQyvJTl2zI6QG","action":"Commit Request", "result":"", "context":Item count: 1
Contributing types: Sessions}
{"logTime": "0308/171502", "correlationVector":"KsxnPycjpZQyvJTl2zI6QG.1","action":"SyncServerConnectionManagerRequest", "result":"SYNC_SERVER_OK", "context":{"environment":"Prod_WestEurope_000l", "server":"GENERAL0100000D"}}
{"logTime": "0308/171502", "correlationVector":"KsxnPycjpZQyvJTl2zI6QG.2","action":"Commit Response", "result":"SYNCER_OK", "context":Result: SYNCER_OK. cV=KsxnPycjpZQyvJTl2zI6QG.0;server=GENERAL0100000D;cloudType=Consumer;environment=Prod_WestEurope_000l;migrationStage=NotStarted}
{"logTime": "0308/171533", "correlationVector":"IE46eYwE5vUP8CXoR/626S","action":"Commit Request", "result":"", "context":Item count: 1
Contributing types: Sessions}
{"logTime": "0308/171534", "correlationVector":"IE46eYwE5vUP8CXoR/626S.1","action":"SyncServerConnectionManagerRequest", "result":"SYNC_SERVER_OK", "context":{"environment":"Prod_WestEurope_000l", "server":"general0100000R"}}
{"logTime": "0308/171534", "correlationVector":"IE46eYwE5vUP8CXoR/626S.2","action":"Commit Response", "result":"SYNCER_OK", "context":Result: SYNCER_OK. cV=IE46eYwE5vUP8CXoR/626S.0;server=general0100000R;cloudType=Consumer;environment=Prod_WestEurope_000l;migrationStage=NotStarted}
{"logTime": "0308/171822", "correlationVector":"VWahp7djo2YGqycZYTFvED","action":"Commit Request", "result":"", "context":Item count: 1
Contributing types: Sessions}
{"logTime": "0308/171822", "correlationVector":"VWahp7djo2YGqycZYTFvED.1","action":"SyncServerConnectionManagerRequest", "result":"SYNC_SERVER_OK", "context":{"environment":"Prod_WestEurope_000l", "server":"GENERAL0100000Z"}}
{"logTime": "0308/171822", "correlationVector":"VWahp7djo2YGqycZYTFvED.2","action":"Commit Response", "result":"SYNCER_OK", "context":Result: SYNCER_OK. cV=VWahp7djo2YGqycZYTFvED.0;server=GENERAL0100000Z;cloudType=Consumer;environment=Prod_WestEurope_000l;migrationStage=NotStarted}
{"logTime": "0308/172213", "correlationVector":"G+DFKAJMada2kqtoQ3xyoj","action":"Commit Request", "result":"", "context":Item count: 1
Contributing types: Sessions}
{"logTime": "0308/172214", "correlationVector":"G+DFKAJMada2kqtoQ3xyoj.1","action":"SyncServerConnectionManagerRequest", "result":"SYNC_SERVER_OK", "context":{"environment":"Prod_WestEurope_x00e", "server":"general0100000Z"}}
{"logTime": "0308/172214", "correlationVector":"G+DFKAJMada2kqtoQ3xyoj.2","action":"Commit Response", "result":"SYNCER_OK", "context":Result: SYNCER_OK. cV=G+DFKAJMada2kqtoQ3xyoj.0;server=general0100000Z;cloudType=Consumer;environment=Prod_WestEurope_x00e;migrationStage=NotStarted}
{"logTime": "0308/172514", "correlationVector":"xXR9oiTi7Vw18zwJUm1uTv","action":"Commit Request", "result":"", "context":Item count: 1
Contributing types: Sessions}
{"logTime": "0308/172514", "correlationVector":"xXR9oiTi7Vw18zwJUm1uTv.1","action":"SyncServerConnectionManagerRequest", "result":"SYNC_SERVER_OK", "context":{"environment":"Prod_WestEurope_000l", "server":"GENERAL01000006"}}
{"logTime": "0308/172514", "correlationVector":"xXR9oiTi7Vw18zwJUm1uTv.2","action":"Commit Response", "result":"SYNCER_OK", "context":Result: SYNCER_OK. cV=xXR9oiTi7Vw18zwJUm1uTv.0;server=GENERAL01000006;cloudType=Consumer;environment=Prod_WestEurope_000l;migrationStage=NotStarted}
{"logTime": "0308/172630", "correlationVector":"ZctxdNcXo7ilh4wCZ4vWDu","action":"Commit Request", "result":"", "context":Item count: 1
Contributing types: Sessions}
{"logTime": "0308/172630", "correlationVector":"ZctxdNcXo7ilh4wCZ4vWDu.1","action":"SyncServerConnectionManagerRequest", "result":"SYNC_SERVER_OK", "context":{"environment":"Prod_WestEurope_000l", "server":"GENERAL0100000Y"}}
{"logTime": "0308/172630", "correlationVector":"ZctxdNcXo7ilh4wCZ4vWDu.2","action":"Commit Response", "result":"SYNCER_OK", "context":Result: SYNCER_OK. cV=ZctxdNcXo7ilh4wCZ4vWDu.0;server=GENERAL0100000Y;cloudType=Consumer;environment=Prod_WestEurope_000l;migrationStage=NotStarted}
{"logTime": "0308/172702", "correlationVector":"oRbZ8dof7qTcUNbSVT1Fla","action":"Commit Request", "result":"", "context":Item count: 1
Contributing types: Sessions}
{"logTime": "0308/172702", "correlationVector":"oRbZ8dof7qTcUNbSVT1Fla.1","action":"SyncServerConnectionManagerRequest", "result":"SYNC_SERVER_OK", "context":{"environment":"Prod_WestEurope_000l", "server":"GENERAL0100000K"}}
{"logTime": "0308/172702", "correlationVector":"oRbZ8dof7qTcUNbSVT1Fla.2","action":"Commit Response", "result":"SYNCER_OK", "context":Result: SYNCER_OK. cV=oRbZ8dof7qTcUNbSVT1Fla.0;server=GENERAL0100000K;cloudType=Consumer;environment=Prod_WestEurope_000l;migrationStage=NotStarted}
{"logTime": "0308/173858", "correlationVector":"STrRuP2pLgT0D7xFWAwcBx","action":"Commit Request", "result":"", "context":Item count: 1
Contributing types: Sessions}
{"logTime": "0308/173859", "correlationVector":"STrRuP2pLgT0D7xFWAwcBx.1","action":"SyncServerConnectionManagerRequest", "result":"SYNC_SERVER_OK", "context":{"environment":"Prod_WestEurope_x00e", "server":"general01000013"}}
{"logTime": "0308/173859", "correlationVector":"STrRuP2pLgT0D7xFWAwcBx.2","action":"Commit Response", "result":"SYNCER_OK", "context":Result: SYNCER_OK. cV=STrRuP2pLgT0D7xFWAwcBx.0;server=general01000013;cloudType=Consumer;environment=Prod_WestEurope_x00e;migrationStage=NotStarted}
{"logTime": "0308/173944", "correlationVector":"4ZnW6/zAjinRhb1AhAXVi7","action":"Commit Request", "result":"", "context":Item count: 1
Contributing types: Sessions}
{"logTime": "0308/173944", "correlationVector":"4ZnW6/zAjinRhb1AhAXVi7.1","action":"SyncServerConnectionManagerRequest", "result":"SYNC_SERVER_OK", "context":{"environment":"Prod_WestEurope_000l", "server":"GENERAL0100000B"}}
{"logTime": "0308/173944", "correlationVector":"4ZnW6/zAjinRhb1AhAXVi7.2","action":"Commit Response", "result":"SYNCER_OK", "context":Result: SYNCER_OK. cV=4ZnW6/zAjinRhb1AhAXVi7.0;server=GENERAL0100000B;cloudType=Consumer;environment=Prod_WestEurope_000l;migrationStage=NotStarted}
{"logTime": "0308/174512", "correlationVector":"+zowONgaZ25F19/SUhCw2f","action":"Commit Request", "result":"", "context":Item count: 1
Contributing types: Sessions}
{"logTime": "0308/174512", "correlationVector":"+zowONgaZ25F19/SUhCw2f.1","action":"SyncServerConnectionManagerRequest", "result":"SYNC_SERVER_OK", "context":{"environment":"Prod_WestEurope_000l", "server":"GENERAL01000004"}}
{"logTime": "0308/174512", "correlationVector":"+zowONgaZ25F19/SUhCw2f.2","action":"Commit Response", "result":"SYNCER_OK", "context":Result: SYNCER_OK. cV=+zowONgaZ25F19/SUhCw2f.0;server=GENERAL01000004;cloudType=Consumer;environment=Prod_WestEurope_000l;migrationStage=NotStarted}
{"logTime": "0308/174608", "correlationVector":"/Lj0btM/jhuPCEO2UNfbE4","action":"Commit Request", "result":"", "context":Item count: 1
Contributing types: Sessions}
{"logTime": "0308/174609", "correlationVector":"/Lj0btM/jhuPCEO2UNfbE4.1","action":"SyncServerConnectionManagerRequest", "result":"SYNC_SERVER_OK", "context":{"environment":"Prod_WestEurope_x00e", "server":"general01000012"}}
{"logTime": "0308/174609", "correlationVector":"/Lj0btM/jhuPCEO2UNfbE4.2","action":"Commit Response", "result":"SYNCER_OK", "context":Result: SYNCER_OK. cV=/Lj0btM/jhuPCEO2UNfbE4.0;server=general01000012;cloudType=Consumer;environment=Prod_WestEurope_x00e;migrationStage=NotStarted}
{"logTime": "0308/175757", "correlationVector":"fykycRDpO9eCdeIy5GeQ2/","action":"Poll GetUpdate request", "result":"", "context":cV=fykycRDpO9eCdeIy5GeQ2/}
{"logTime": "0308/175758", "correlationVector":"fykycRDpO9eCdeIy5GeQ2/.1","action":"SyncServerConnectionManagerRequest", "result":"SYNC_SERVER_OK", "context":{"environment":"Prod_NorthEurope_000h", "server":"general0100001K"}}
{"logTime": "0308/175758", "correlationVector":"fykycRDpO9eCdeIy5GeQ2/.2","action":"GetUpdates Response", "result":"SYNCER_OK", "context":Received 1 update(s). cV=fykycRDpO9eCdeIy5GeQ2/.0;server=general0100001K;cloudType=Consumer;environment=Prod_NorthEurope_000h;migrationStage=NotStarted}
{"logTime": "0308/175828", "correlationVector":"FEhn33+8EG4Tb9Fb2nWQqs","action":"Commit Request", "result":"", "context":Item count: 1
Contributing types: Sessions}
{"logTime": "0308/175828", "correlationVector":"FEhn33+8EG4Tb9Fb2nWQqs.1","action":"SyncServerConnectionManagerRequest", "result":"SYNC_SERVER_OK", "context":{"environment":"Prod_NorthEurope_000h", "server":"GENERAL0100001R"}}
{"logTime": "0308/175828", "correlationVector":"FEhn33+8EG4Tb9Fb2nWQqs.2","action":"Commit Response", "result":"SYNCER_OK", "context":Result: SYNCER_OK. cV=FEhn33+8EG4Tb9Fb2nWQqs.0;server=GENERAL0100001R;cloudType=Consumer;environment=Prod_NorthEurope_000h;migrationStage=NotStarted}
{"logTime": "0308/184846", "correlationVector":"WRK/7R4J7K0Jm26DJh6Fm5.0","action":"FeedSettingFetch_homeCloud", "result":"0", "context":{}}
{"logTime": "0308/184846", "correlationVector":"WRK/7R4J7K0Jm26DJh6Fm5.0","action":"SyncServerConnectionManagerRequest", "result":"SYNC_SERVER_OK", "context":{"environment":"", "server":""}}
{"logTime": "0308/184846", "correlationVector":"Cgk7I5zi7jxaH2SW8gc5eT.1","action":"SyncServerConnectionManagerRequest", "result":"SYNC_SERVER_OK", "context":{"environment":"Prod_WestEurope_000l", "server":"GENERAL01000009"}}
{"logTime": "0308/184846", "correlationVector":"Cgk7I5zi7jxaH2SW8gc5eT","action":"Initial GetUpdates", "result":"", "context":Reason: NEW_CLIENT. cV=Cgk7I5zi7jxaH2SW8gc5eT}
{"logTime": "0308/184846", "correlationVector":"Cgk7I5zi7jxaH2SW8gc5eT.2","action":"GetUpdates Response", "result":"SYNCER_OK", "context":Received 1 update(s). cV=Cgk7I5zi7jxaH2SW8gc5eT.0;server=GENERAL01000009;cloudType=Consumer;environment=Prod_WestEurope_000l;migrationStage=NotStarted}
{"logTime": "0308/184846", "correlationVector":"b3ZqgciHoEimnyUfJQLZkT","action":"Normal GetUpdate request", "result":"", "context":cV=b3ZqgciHoEimnyUfJQLZkT
Nudged types: Sessions, User Consents
Refresh requested types: Bookmarks, Preferences, Passwords, Autofill Profiles, Autofill, Autofill Custom Data, Typed URLs, Extensions, Sessions, Extension settings, History Delete Directives, Device Info, User Consents, Send Tab To Self, Web Apps, Collection, Edge E Drop, Encryption Keys}
{"logTime": "0308/184846", "correlationVector":"b3ZqgciHoEimnyUfJQLZkT.1","action":"SyncServerConnectionManagerRequest", "result":"SYNC_SERVER_OK", "context":{"environment":"Prod_WestEurope_000l", "server":"GENERAL0100000D"}}
{"logTime": "0308/184846", "correlationVector":"b3ZqgciHoEimnyUfJQLZkT.2","action":"GetUpdates Response", "result":"SYNCER_OK", "context":Received 1 update(s). cV=b3ZqgciHoEimnyUfJQLZkT.0;server=GENERAL0100000D;cloudType=Consumer;environment=Prod_WestEurope_000l;migrationStage=NotStarted}
{"logTime": "0308/184846", "correlationVector":"/YQrVf89tn79XTzgm8bO+z","action":"Commit Request", "result":"", "context":Item count: 4
Contributing types: Sessions, User Consents}
{"logTime": "0308/184846", "correlationVector":"/YQrVf89tn79XTzgm8bO+z.1","action":"SyncServerConnectionManagerRequest", "result":"SYNC_SERVER_OK", "context":{"environment":"Prod_WestEurope_000l", "server":"general01000014"}}
{"logTime": "0308/184846", "correlationVector":"/YQrVf89tn79XTzgm8bO+z.2","action":"Commit Response", "result":"SYNCER_OK", "context":Result: SYNCER_OK. cV=/YQrVf89tn79XTzgm8bO+z.0;server=general01000014;cloudType=Consumer;environment=Prod_WestEurope_000l;migrationStage=NotStarted}
{"logTime": "0308/184846", "correlationVector":"/YQrVf89tn79XTzgm8bO+z.3","action":"Commit.Sessions", "result":"Success", "context":{"id":"632c24c7-07ee-46ff-8f92-f4dae3108cf9", "isDeleted":"true", "size":"0", "version":"1678298307638"}}
{"logTime": "0308/184846", "correlationVector":"/QalmV3Wpuchv9hqCfc78R","action":"Normal GetUpdate request", "result":"", "context":cV=/QalmV3Wpuchv9hqCfc78R
Nudged types: Sessions}
{"logTime": "0308/184846", "correlationVector":"/QalmV3Wpuchv9hqCfc78R.1","action":"SyncServerConnectionManagerRequest", "result":"SYNC_SERVER_OK", "context":{"environment":"Prod_WestEurope_000l", "server":"GENERAL0100000S"}}
{"logTime": "0308/184846", "correlationVector":"/QalmV3Wpuchv9hqCfc78R.2","action":"GetUpdates", "result":"DeleteReceived", "context":{"id":"632c24c7-07ee-46ff-8f92-f4dae3108cf9", "isDeleted:":"true", "version":"1678301268294"}}
{"logTime": "0308/184846", "correlationVector":"/QalmV3Wpuchv9hqCfc78R.3","action":"GetUpdates Response", "result":"SYNCER_OK", "context":Received 3 update(s). cV=/QalmV3Wpuchv9hqCfc78R.0;server=GENERAL0100000S;cloudType=Consumer;environment=Prod_WestEurope_000l;migrationStage=NotStarted}
{"logTime": "0308/184846", "correlationVector":"Dv2xeXhPeo7JjZyCpKl1D9","action":"Commit Request", "result":"", "context":Item count: 1
Contributing types: Sessions}
{"logTime": "0308/184846", "correlationVector":"Dv2xeXhPeo7JjZyCpKl1D9.1","action":"SyncServerConnectionManagerRequest", "result":"SYNC_SERVER_OK", "context":{"environment":"Prod_WestEurope_000l", "server":"GENERAL0100000I"}}
{"logTime": "0308/184846", "correlationVector":"Dv2xeXhPeo7JjZyCpKl1D9.2","action":"Commit Response", "result":"SYNCER_OK", "context":Result: SYNCER_OK. cV=Dv2xeXhPeo7JjZyCpKl1D9.0;server=GENERAL0100000I;cloudType=Consumer;environment=Prod_WestEurope_000l;migrationStage=NotStarted}
{"logTime": "0308/184849", "correlationVector":"RsXUJvn2JgmhjWo090mTFw","action":"Normal GetUpdate request", "result":"", "context":cV=RsXUJvn2JgmhjWo090mTFw
Nudged types: Sessions}
{"logTime": "0308/184849", "correlationVector":"RsXUJvn2JgmhjWo090mTFw.1","action":"SyncServerConnectionManagerRequest", "result":"SYNC_SERVER_OK", "context":{"environment":"Prod_WestEurope_x00e", "server":"general01000015"}}
{"logTime": "0308/184849", "correlationVector":"RsXUJvn2JgmhjWo090mTFw.2","action":"GetUpdates Response", "result":"SYNCER_OK", "context":Received 1 update(s). cV=RsXUJvn2JgmhjWo090mTFw.0;server=general01000015;cloudType=Consumer;environment=Prod_WestEurope_x00e;migrationStage=NotStarted}
{"logTime": "0308/184849", "correlationVector":"+dQm3+ByTha/qP934Nu7Oq","action":"Commit Request", "result":"", "context":Item count: 1
Contributing types: Sessions}
{"logTime": "0308/184850", "correlationVector":"+dQm3+ByTha/qP934Nu7Oq.1","action":"SyncServerConnectionManagerRequest", "result":"SYNC_SERVER_OK", "context":{"environment":"Prod_WestEurope_000l", "server":"general01000019"}}
{"logTime": "0308/184850", "correlationVector":"+dQm3+ByTha/qP934Nu7Oq.2","action":"Commit Response", "result":"SYNCER_OK", "context":Result: SYNCER_OK. cV=+dQm3+ByTha/qP934Nu7Oq.0;server=general01000019;cloudType=Consumer;environment=Prod_WestEurope_000l;migrationStage=NotStarted}
{"logTime": "0308/185006", "correlationVector":"AZ5v6akmkDqYUeFX3bTxtp","action":"Commit Request", "result":"", "context":Item count: 1
Contributing types: Sessions}
{"logTime": "0308/185007", "correlationVector":"AZ5v6akmkDqYUeFX3bTxtp.1","action":"SyncServerConnectionManagerRequest", "result":"SYNC_SERVER_OK", "context":{"environment":"Prod_WestEurope_000l", "server":"GENERAL0100000V"}}
{"logTime": "0308/185007", "correlationVector":"AZ5v6akmkDqYUeFX3bTxtp.2","action":"Commit Response", "result":"SYNCER_OK", "context":Result: SYNCER_OK. cV=AZ5v6akmkDqYUeFX3bTxtp.0;server=GENERAL0100000V;cloudType=Consumer;environment=Prod_WestEurope_000l;migrationStage=NotStarted}
{"logTime": "0308/185037", "correlationVector":"SPoJpXDxXXk3C6814JhGIi","action":"Commit Request", "result":"", "context":Item count: 1
Contributing types: Sessions}
{"logTime": "0308/185037", "correlationVector":"SPoJpXDxXXk3C6814JhGIi.1","action":"SyncServerConnectionManagerRequest", "result":"SYNC_SERVER_OK", "context":{"environment":"Prod_WestEurope_000l", "server":"GENERAL0100000P"}}
{"logTime": "0308/185037", "correlationVector":"SPoJpXDxXXk3C6814JhGIi.2","action":"Commit Response", "result":"SYNCER_OK", "context":Result: SYNCER_OK. cV=SPoJpXDxXXk3C6814JhGIi.0;server=GENERAL0100000P;cloudType=Consumer;environment=Prod_WestEurope_000l;migrationStage=NotStarted}
{"logTime": "0308/191843", "correlationVector":"K9Hza1X++isen9uwxHzYvD","action":"Commit Request", "result":"", "context":Item count: 1
Contributing types: Sessions}
{"logTime": "0308/191843", "correlationVector":"K9Hza1X++isen9uwxHzYvD.1","action":"SyncServerConnectionManagerRequest", "result":"SYNC_SERVER_OK", "context":{"environment":"Prod_WestEurope_000l", "server":"general01000024"}}
{"logTime": "0308/191843", "correlationVector":"K9Hza1X++isen9uwxHzYvD.2","action":"Commit Response", "result":"SYNCER_OK", "context":Result: SYNCER_OK. cV=K9Hza1X++isen9uwxHzYvD.0;server=general01000024;cloudType=Consumer;environment=Prod_WestEurope_000l;migrationStage=NotStarted}
{"logTime": "0308/191915", "correlationVector":"S0d7JreRERa4jra3J30yrg","action":"Commit Request", "result":"", "context":Item count: 1
Contributing types: Sessions}
{"logTime": "0308/191915", "correlationVector":"S0d7JreRERa4jra3J30yrg.1","action":"SyncServerConnectionManagerRequest", "result":"SYNC_SERVER_OK", "context":{"environment":"Prod_WestEurope_000l", "server":"GENERAL0100000X"}}
{"logTime": "0308/191915", "correlationVector":"S0d7JreRERa4jra3J30yrg.2","action":"Commit Response", "result":"SYNCER_OK", "context":Result: SYNCER_OK. cV=S0d7JreRERa4jra3J30yrg.0;server=GENERAL0100000X;cloudType=Consumer;environment=Prod_WestEurope_000l;migrationStage=NotStarted}
{"logTime": "0308/191959", "correlationVector":"DPcoLRgd+JrB75/oDBXxzd","action":"Commit Request", "result":"", "context":Item count: 1
Contributing types: Sessions}
{"logTime": "0308/192000", "correlationVector":"DPcoLRgd+JrB75/oDBXxzd.1","action":"SyncServerConnectionManagerRequest", "result":"SYNC_SERVER_OK", "context":{"environment":"Prod_WestEurope_000l", "server":"GENERAL01000013"}}
{"logTime": "0308/192000", "correlationVector":"DPcoLRgd+JrB75/oDBXxzd.2","action":"Commit Response", "result":"SYNCER_OK", "context":Result: SYNCER_OK. cV=DPcoLRgd+JrB75/oDBXxzd.0;server=GENERAL01000013;cloudType=Consumer;environment=Prod_WestEurope_000l;migrationStage=NotStarted}
{"logTime": "0308/192036", "correlationVector":"446Im8ZYLz6Ezkjax4wFzh","action":"Commit Request", "result":"", "context":Item count: 1
Contributing types: Sessions}
{"logTime": "0308/192036", "correlationVector":"446Im8ZYLz6Ezkjax4wFzh.1","action":"SyncServerConnectionManagerRequest", "result":"SYNC_SERVER_OK", "context":{"environment":"Prod_WestEurope_000l", "server":"GENERAL01000015"}}
{"logTime": "0308/192036", "correlationVector":"446Im8ZYLz6Ezkjax4wFzh.2","action":"Commit Response", "result":"SYNCER_OK", "context":Result: SYNCER_OK. cV=446Im8ZYLz6Ezkjax4wFzh.0;server=GENERAL01000015;cloudType=Consumer;environment=Prod_WestEurope_000l;migrationStage=NotStarted}
{"logTime": "0308/192120", "correlationVector":"V+UeXuexfIxJUhGa0k7mDC","action":"Commit Request", "result":"", "context":Item count: 1
Contributing types: Sessions}
{"logTime": "0308/192120", "correlationVector":"V+UeXuexfIxJUhGa0k7mDC.1","action":"SyncServerConnectionManagerRequest", "result":"SYNC_SERVER_OK", "context":{"environment":"Prod_WestEurope_000l", "server":"GENERAL01000011"}}
{"logTime": "0308/192120", "correlationVector":"V+UeXuexfIxJUhGa0k7mDC.2","action":"Commit Response", "result":"SYNCER_OK", "context":Result: SYNCER_OK. cV=V+UeXuexfIxJUhGa0k7mDC.0;server=GENERAL01000011;cloudType=Consumer;environment=Prod_WestEurope_000l;migrationStage=NotStarted}
{"logTime": "0308/192323", "correlationVector":"EkMQflOmJKkuOjvY7NcxXq","action":"Commit Request", "result":"", "context":Item count: 1
Contributing types: Sessions}
{"logTime": "0308/192323", "correlationVector":"EkMQflOmJKkuOjvY7NcxXq.1","action":"SyncServerConnectionManagerRequest", "result":"SYNC_SERVER_OK", "context":{"environment":"Prod_WestEurope_x00e", "server":"general0100000V"}}
{"logTime": "0308/192323", "correlationVector":"EkMQflOmJKkuOjvY7NcxXq.2","action":"Commit Response", "result":"SYNCER_OK", "context":Result: SYNCER_OK. cV=EkMQflOmJKkuOjvY7NcxXq.0;server=general0100000V;cloudType=Consumer;environment=Prod_WestEurope_x00e;migrationStage=NotStarted}
{"logTime": "0308/194825", "correlationVector":"Wz1lM48cm5rKtaemYJx/Z2","action":"Commit Request", "result":"", "context":Item count: 1
Contributing types: Sessions}
{"logTime": "0308/194825", "correlationVector":"Wz1lM48cm5rKtaemYJx/Z2.1","action":"SyncServerConnectionManagerRequest", "result":"SYNC_SERVER_OK", "context":{"environment":"Prod_WestEurope_000l", "server":"GENERAL01000001"}}
{"logTime": "0308/194825", "correlationVector":"Wz1lM48cm5rKtaemYJx/Z2.2","action":"Commit Response", "result":"SYNCER_OK", "context":Result: SYNCER_OK. cV=Wz1lM48cm5rKtaemYJx/Z2.0;server=GENERAL01000001;cloudType=Consumer;environment=Prod_WestEurope_000l;migrationStage=NotStarted}
{"logTime": "0308/214635", "correlationVector":"mXMZBkoxtyOc5yK1wvsNPd.0","action":"FeedSettingFetch_homeCloud", "result":"0", "context":{}}
{"logTime": "0308/214635", "correlationVector":"0y381JfQUQXKGibecqcD7g.1","action":"SyncServerConnectionManagerRequest", "result":"SYNC_SERVER_OK", "context":{"environment":"Prod_WestEurope_000l", "server":"general01000014"}}
{"logTime": "0308/214635", "correlationVector":"0y381JfQUQXKGibecqcD7g","action":"Initial GetUpdates", "result":"", "context":Reason: NEW_CLIENT. cV=0y381JfQUQXKGibecqcD7g}
{"logTime": "0308/214635", "correlationVector":"0y381JfQUQXKGibecqcD7g.2","action":"GetUpdates Response", "result":"SYNCER_OK", "context":Received 1 update(s). cV=0y381JfQUQXKGibecqcD7g.0;server=general01000014;cloudType=Consumer;environment=Prod_WestEurope_000l;migrationStage=NotStarted}
{"logTime": "0308/214635", "correlationVector":"FpNgZjaccrc3yjnFQ4/KlH","action":"Normal GetUpdate request", "result":"", "context":cV=FpNgZjaccrc3yjnFQ4/KlH
Nudged types: Sessions, User Consents
Refresh requested types: Bookmarks, Preferences, Autofill Custom Data, Typed URLs, Extensions, Sessions, Extension settings, History Delete Directives, Device Info, User Consents, Send Tab To Self, Web Apps, Collection, Edge E Drop, Encryption Keys}
{"logTime": "0308/214635", "correlationVector":"FpNgZjaccrc3yjnFQ4/KlH.1","action":"SyncServerConnectionManagerRequest", "result":"SYNC_SERVER_OK", "context":{"environment":"Prod_WestEurope_000l", "server":"GENERAL0100000B"}}
{"logTime": "0308/214635", "correlationVector":"FpNgZjaccrc3yjnFQ4/KlH.2","action":"GetUpdates Response", "result":"SYNCER_OK", "context":Received 2 update(s). cV=FpNgZjaccrc3yjnFQ4/KlH.0;server=GENERAL0100000B;cloudType=Consumer;environment=Prod_WestEurope_000l;migrationStage=NotStarted}
{"logTime": "0308/214635", "correlationVector":"ume5IB19MJdGtKAm/OEI1V","action":"Commit Request", "result":"", "context":Item count: 4
Contributing types: Sessions, User Consents}
{"logTime": "0308/214635", "correlationVector":"ume5IB19MJdGtKAm/OEI1V.1","action":"SyncServerConnectionManagerRequest", "result":"SYNC_SERVER_OK", "context":{"environment":"Prod_WestEurope_000l", "server":"GENERAL0100000I"}}
{"logTime": "0308/214635", "correlationVector":"ume5IB19MJdGtKAm/OEI1V.3","action":"Commit.Sessions", "result":"Success", "context":{"id":"a259dc7d-53ef-4dd0-9932-3f1fb77017fa", "isDeleted":"true", "size":"0", "version":"1678304904883"}}
{"logTime": "0308/214635", "correlationVector":"ume5IB19MJdGtKAm/OEI1V.2","action":"Commit Response", "result":"SYNCER_OK", "context":Result: SYNCER_OK. cV=ume5IB19MJdGtKAm/OEI1V.0;server=GENERAL0100000I;cloudType=Consumer;environment=Prod_WestEurope_000l;migrationStage=NotStarted}
{"logTime": "0308/214635", "correlationVector":"dKldA8o5BJ2JTFuDwZHqE+","action":"SyncServerConnectionManagerRequest", "result":"SYNC_SERVER_OK", "context":{"environment":"", "server":""}}
{"logTime": "0308/214635", "correlationVector":"v86IzIUHGp3GKyspQQc2HL","action":"Normal GetUpdate request", "result":"", "context":cV=v86IzIUHGp3GKyspQQc2HL
Nudged types: Sessions}
{"logTime": "0308/214635", "correlationVector":"v86IzIUHGp3GKyspQQc2HL.1","action":"SyncServerConnectionManagerRequest", "result":"SYNC_SERVER_OK", "context":{"environment":"Prod_WestEurope_000l", "server":"GENERAL0100000I"}}
{"logTime": "0308/214635", "correlationVector":"v86IzIUHGp3GKyspQQc2HL.2","action":"GetUpdates", "result":"DeleteReceived", "context":{"id":"a259dc7d-53ef-4dd0-9932-3f1fb77017fa", "isDeleted:":"true", "version":"1678311936066"}}
{"logTime": "0308/214635", "correlationVector":"v86IzIUHGp3GKyspQQc2HL.3","action":"GetUpdates Response", "result":"SYNCER_OK", "context":Received 3 update(s). cV=v86IzIUHGp3GKyspQQc2HL.0;server=GENERAL0100000I;cloudType=Consumer;environment=Prod_WestEurope_000l;migrationStage=NotStarted}
{"logTime": "0308/214635", "correlationVector":"T1igdzHNx8WpGwNBhSxBUO","action":"Commit Request", "result":"", "context":Item count: 1
Contributing types: Sessions}
{"logTime": "0308/214635", "correlationVector":"T1igdzHNx8WpGwNBhSxBUO.1","action":"SyncServerConnectionManagerRequest", "result":"SYNC_SERVER_OK", "context":{"environment":"Prod_WestEurope_000l", "server":"GENERAL0100000W"}}
{"logTime": "0308/214635", "correlationVector":"T1igdzHNx8WpGwNBhSxBUO.2","action":"Commit Response", "result":"SYNCER_OK", "context":Result: SYNCER_OK. cV=T1igdzHNx8WpGwNBhSxBUO.0;server=GENERAL0100000W;cloudType=Consumer;environment=Prod_WestEurope_000l;migrationStage=NotStarted}
{"logTime": "0308/214635", "correlationVector":"2sPifBMf6/K8BWF7qopWn+","action":"Normal GetUpdate request", "result":"", "context":cV=2sPifBMf6/K8BWF7qopWn+
Nudged types: Sessions
Refresh requested types: Bookmarks, Preferences, Passwords, Autofill Profiles, Autofill, Autofill Custom Data, Typed URLs, Extensions, Sessions, Extension settings, History Delete Directives, Device Info, User Consents, Send Tab To Self, Web Apps, Collection, Edge E Drop, Encryption Keys}
{"logTime": "0308/214635", "correlationVector":"2sPifBMf6/K8BWF7qopWn+.1","action":"SyncServerConnectionManagerRequest", "result":"SYNC_SERVER_OK", "context":{"environment":"Prod_WestEurope_000l", "server":"GENERAL01000009"}}
{"logTime": "0308/214635", "correlationVector":"2sPifBMf6/K8BWF7qopWn+.2","action":"GetUpdates Response", "result":"SYNCER_OK", "context":Received 1 update(s). cV=2sPifBMf6/K8BWF7qopWn+.0;server=GENERAL01000009;cloudType=Consumer;environment=Prod_WestEurope_000l;migrationStage=NotStarted}
{"logTime": "0308/214637", "correlationVector":"kBuOkEIurFpxLmbMZhEBau","action":"Normal GetUpdate request", "result":"", "context":cV=kBuOkEIurFpxLmbMZhEBau
Notified types: Device Info}
{"logTime": "0308/214637", "correlationVector":"kBuOkEIurFpxLmbMZhEBau.1","action":"SyncServerConnectionManagerRequest", "result":"SYNC_SERVER_OK", "context":{"environment":"Prod_WestEurope_000l", "server":"GENERAL01000016"}}
{"logTime": "0308/214637", "correlationVector":"kBuOkEIurFpxLmbMZhEBau.2","action":"GetUpdates Response", "result":"SYNCER_OK", "context":Received 0 update(s). cV=kBuOkEIurFpxLmbMZhEBau.0;server=GENERAL01000016;cloudType=Consumer;environment=Prod_WestEurope_000l;migrationStage=NotStarted}
{"logTime": "0308/214957", "correlationVector":"XQP1sroGiy9gJ7dy7UcMmP","action":"Commit Request", "result":"", "context":Item count: 1
Contributing types: Sessions}
{"logTime": "0308/214957", "correlationVector":"XQP1sroGiy9gJ7dy7UcMmP.1","action":"SyncServerConnectionManagerRequest", "result":"SYNC_SERVER_OK", "context":{"environment":"Prod_WestEurope_x00e", "server":"general0100000K"}}
{"logTime": "0308/214957", "correlationVector":"XQP1sroGiy9gJ7dy7UcMmP.2","action":"Commit Response", "result":"SYNCER_OK", "context":Result: SYNCER_OK. cV=XQP1sroGiy9gJ7dy7UcMmP.0;server=general0100000K;cloudType=Consumer;environment=Prod_WestEurope_x00e;migrationStage=NotStarted}
{"logTime": "0308/215241", "correlationVector":"9fRuRaTttpbyqZuhyqLaQU","action":"Commit Request", "result":"", "context":Item count: 1
Contributing types: Sessions}
{"logTime": "0308/215241", "correlationVector":"9fRuRaTttpbyqZuhyqLaQU.1","action":"SyncServerConnectionManagerRequest", "result":"SYNC_SERVER_OK", "context":{"environment":"Prod_WestEurope_000l", "server":"GENERAL0100000K"}}
{"logTime": "0308/215241", "correlationVector":"9fRuRaTttpbyqZuhyqLaQU.2","action":"Commit Response", "result":"SYNCER_OK", "context":Result: SYNCER_OK. cV=9fRuRaTttpbyqZuhyqLaQU.0;server=GENERAL0100000K;cloudType=Consumer;environment=Prod_WestEurope_000l;migrationStage=NotStarted}
{"logTime": "0308/215334", "correlationVector":"4fOtnhOHanS/V5qbUnQxIP","action":"Commit Request", "result":"", "context":Item count: 1
Contributing types: Sessions}
{"logTime": "0308/215334", "correlationVector":"4fOtnhOHanS/V5qbUnQxIP.1","action":"SyncServerConnectionManagerRequest", "result":"SYNC_SERVER_OK", "context":{"environment":"Prod_WestEurope_000l", "server":"general0100001A"}}
{"logTime": "0308/215334", "correlationVector":"4fOtnhOHanS/V5qbUnQxIP.2","action":"Commit Response", "result":"SYNCER_OK", "context":Result: SYNCER_OK. cV=4fOtnhOHanS/V5qbUnQxIP.0;server=general0100001A;cloudType=Consumer;environment=Prod_WestEurope_000l;migrationStage=NotStarted}
{"logTime": "0308/215421", "correlationVector":"HQnDEUf5JhWVrfSPx96vTo","action":"Commit Request", "result":"", "context":Item count: 1
Contributing types: Sessions}
{"logTime": "0308/215421", "correlationVector":"HQnDEUf5JhWVrfSPx96vTo.1","action":"SyncServerConnectionManagerRequest", "result":"SYNC_SERVER_OK", "context":{"environment":"Prod_WestEurope_000l", "server":"GENERAL0100000A"}}
{"logTime": "0308/215421", "correlationVector":"HQnDEUf5JhWVrfSPx96vTo.2","action":"Commit Response", "result":"SYNCER_OK", "context":Result: SYNCER_OK. cV=HQnDEUf5JhWVrfSPx96vTo.0;server=GENERAL0100000A;cloudType=Consumer;environment=Prod_WestEurope_000l;migrationStage=NotStarted}
{"logTime": "0308/215457", "correlationVector":"7EWjttTzZkb8M7+bo2N49b","action":"Commit Request", "result":"", "context":Item count: 1
Contributing types: Sessions}
{"logTime": "0308/215457", "correlationVector":"7EWjttTzZkb8M7+bo2N49b.1","action":"SyncServerConnectionManagerRequest", "result":"SYNC_SERVER_OK", "context":{"environment":"Prod_WestEurope_000l", "server":"GENERAL0100000X"}}
{"logTime": "0308/215457", "correlationVector":"7EWjttTzZkb8M7+bo2N49b.2","action":"Commit Response", "result":"SYNCER_OK", "context":Result: SYNCER_OK. cV=7EWjttTzZkb8M7+bo2N49b.0;server=GENERAL0100000X;cloudType=Consumer;environment=Prod_WestEurope_000l;migrationStage=NotStarted}
{"logTime": "0308/215754", "correlationVector":"z/gNZaLJ2vNtHu0XDjRzSP","action":"Commit Request", "result":"", "context":Item count: 1
Contributing types: Sessions}
{"logTime": "0308/215754", "correlationVector":"z/gNZaLJ2vNtHu0XDjRzSP.1","action":"SyncServerConnectionManagerRequest", "result":"SYNC_SERVER_OK", "context":{"environment":"Prod_WestEurope_000l", "server":"GENERAL01000004"}}
{"logTime": "0308/215754", "correlationVector":"z/gNZaLJ2vNtHu0XDjRzSP.2","action":"Commit Response", "result":"SYNCER_OK", "context":Result: SYNCER_OK. cV=z/gNZaLJ2vNtHu0XDjRzSP.0;server=GENERAL01000004;cloudType=Consumer;environment=Prod_WestEurope_000l;migrationStage=NotStarted}
{"logTime": "0308/220101", "correlationVector":"J60TwMqcs79cciX28zSjkq","action":"Commit Request", "result":"", "context":Item count: 1
Contributing types: Sessions}
{"logTime": "0308/220102", "correlationVector":"J60TwMqcs79cciX28zSjkq.1","action":"SyncServerConnectionManagerRequest", "result":"SYNC_SERVER_OK", "context":{"environment":"Prod_WestEurope_000l", "server":"GENERAL01000011"}}
{"logTime": "0308/220102", "correlationVector":"J60TwMqcs79cciX28zSjkq.2","action":"Commit Response", "result":"SYNCER_OK", "context":Result: SYNCER_OK. cV=J60TwMqcs79cciX28zSjkq.0;server=GENERAL01000011;cloudType=Consumer;environment=Prod_WestEurope_000l;migrationStage=NotStarted}
{"logTime": "0308/220254", "correlationVector":"1zhxnCw+fLHxgaz410O7n0","action":"Commit Request", "result":"", "context":Item count: 1
Contributing types: Sessions}
{"logTime": "0308/220254", "correlationVector":"1zhxnCw+fLHxgaz410O7n0.1","action":"SyncServerConnectionManagerRequest", "result":"SYNC_SERVER_OK", "context":{"environment":"Prod_WestEurope_000l", "server":"GENERAL0100000X"}}
{"logTime": "0308/220254", "correlationVector":"1zhxnCw+fLHxgaz410O7n0.2","action":"Commit Response", "result":"SYNCER_OK", "context":Result: SYNCER_OK. cV=1zhxnCw+fLHxgaz410O7n0.0;server=GENERAL0100000X;cloudType=Consumer;environment=Prod_WestEurope_000l;migrationStage=NotStarted}
{"logTime": "0308/221817", "correlationVector":"L+Hrd9CJfI8vE7UPNONZtp.0","action":"FeedSettingFetch_homeCloud", "result":"0", "context":{}}
{"logTime": "0308/221817", "correlationVector":"gtZl57rEbFRrtrV4fhQ75m.1","action":"SyncServerConnectionManagerRequest", "result":"SYNC_SERVER_OK", "context":{"environment":"Prod_WestEurope_000l", "server":"GENERAL01000015"}}
{"logTime": "0308/221817", "correlationVector":"gtZl57rEbFRrtrV4fhQ75m","action":"Initial GetUpdates", "result":"", "context":Reason: NEW_CLIENT. cV=gtZl57rEbFRrtrV4fhQ75m}
{"logTime": "0308/221817", "correlationVector":"gtZl57rEbFRrtrV4fhQ75m.2","action":"GetUpdates Response", "result":"SYNCER_OK", "context":Received 1 update(s). cV=gtZl57rEbFRrtrV4fhQ75m.0;server=GENERAL01000015;cloudType=Consumer;environment=Prod_WestEurope_000l;migrationStage=NotStarted}
{"logTime": "0308/221817", "correlationVector":"q6mDqgaAtNV3qrWqSdogF9","action":"Normal GetUpdate request", "result":"", "context":cV=q6mDqgaAtNV3qrWqSdogF9
Nudged types: Sessions, User Consents
Refresh requested types: Bookmarks, Preferences, Autofill Custom Data, Typed URLs, Extensions, Sessions, Extension settings, History Delete Directives, Device Info, User Consents, Send Tab To Self, Web Apps, Collection, Edge E Drop, Encryption Keys}
{"logTime": "0308/221817", "correlationVector":"q6mDqgaAtNV3qrWqSdogF9.1","action":"SyncServerConnectionManagerRequest", "result":"SYNC_SERVER_OK", "context":{"environment":"Prod_WestEurope_000l", "server":"GENERAL01000017"}}
{"logTime": "0308/221817", "correlationVector":"q6mDqgaAtNV3qrWqSdogF9.2","action":"GetUpdates Response", "result":"SYNCER_OK", "context":Received 1 update(s). cV=q6mDqgaAtNV3qrWqSdogF9.0;server=GENERAL01000017;cloudType=Consumer;environment=Prod_WestEurope_000l;migrationStage=NotStarted}
{"logTime": "0308/221817", "correlationVector":"xz4SczWiZIMUSbaSLbTbLr","action":"Commit Request", "result":"", "context":Item count: 4
Contributing types: Sessions, User Consents}
{"logTime": "0308/221817", "correlationVector":"xz4SczWiZIMUSbaSLbTbLr.1","action":"SyncServerConnectionManagerRequest", "result":"SYNC_SERVER_OK", "context":{"environment":"Prod_WestEurope_000l", "server":"GENERAL0100000T"}}
{"logTime": "0308/221817", "correlationVector":"xz4SczWiZIMUSbaSLbTbLr.3","action":"Commit.Sessions", "result":"Success", "context":{"id":"a64d63ab-71de-4580-be7e-8a209c80786e", "isDeleted":"true", "size":"0", "version":"1678312973861"}}
{"logTime": "0308/221817", "correlationVector":"xz4SczWiZIMUSbaSLbTbLr.2","action":"Commit Response", "result":"SYNCER_OK", "context":Result: SYNCER_OK. cV=xz4SczWiZIMUSbaSLbTbLr.0;server=GENERAL0100000T;cloudType=Consumer;environment=Prod_WestEurope_000l;migrationStage=NotStarted}
{"logTime": "0308/221841", "correlationVector":"KOkTrblP/GrS78yLLXUYWv","action":"SyncServerConnectionManagerRequest", "result":"SYNC_SERVER_OK", "context":{"environment":"", "server":""}}
{"logTime": "0308/221841", "correlationVector":"vuYOmBsRyr0iwTEuNc7sYO","action":"Normal GetUpdate request", "result":"", "context":cV=vuYOmBsRyr0iwTEuNc7sYO
Nudged types: Sessions}
{"logTime": "0308/221841", "correlationVector":"vuYOmBsRyr0iwTEuNc7sYO.1","action":"SyncServerConnectionManagerRequest", "result":"SYNC_SERVER_OK", "context":{"environment":"Prod_WestEurope_000l", "server":"GENERAL0100000K"}}
{"logTime": "0308/221841", "correlationVector":"vuYOmBsRyr0iwTEuNc7sYO.2","action":"GetUpdates", "result":"DeleteReceived", "context":{"id":"a64d63ab-71de-4580-be7e-8a209c80786e", "isDeleted:":"true", "version":"1678313890140"}}
{"logTime": "0308/221841", "correlationVector":"vuYOmBsRyr0iwTEuNc7sYO.3","action":"GetUpdates Response", "result":"SYNCER_OK", "context":Received 3 update(s). cV=vuYOmBsRyr0iwTEuNc7sYO.0;server=GENERAL0100000K;cloudType=Consumer;environment=Prod_WestEurope_000l;migrationStage=NotStarted}
{"logTime": "0308/221841", "correlationVector":"qVtfHHQq6fvRCPTR/7HBTl","action":"Commit Request", "result":"", "context":Item count: 1
Contributing types: Sessions}
{"logTime": "0308/221842", "correlationVector":"qVtfHHQq6fvRCPTR/7HBTl.1","action":"SyncServerConnectionManagerRequest", "result":"SYNC_SERVER_OK", "context":{"environment":"Prod_WestEurope_000l", "server":"GENERAL01000017"}}
{"logTime": "0308/221842", "correlationVector":"qVtfHHQq6fvRCPTR/7HBTl.2","action":"Commit Response", "result":"SYNCER_OK", "context":Result: SYNCER_OK. cV=qVtfHHQq6fvRCPTR/7HBTl.0;server=GENERAL01000017;cloudType=Consumer;environment=Prod_WestEurope_000l;migrationStage=NotStarted}
{"logTime": "0308/221842", "correlationVector":"tJTCiP+NtZvb9qfPRFK707","action":"Normal GetUpdate request", "result":"", "context":cV=tJTCiP+NtZvb9qfPRFK707
Nudged types: Sessions
Refresh requested types: Bookmarks, Preferences, Passwords, Autofill Profiles, Autofill, Autofill Custom Data, Typed URLs, Extensions, Sessions, Extension settings, History Delete Directives, Device Info, User Consents, Send Tab To Self, Web Apps, Collection, Edge E Drop, Encryption Keys}
{"logTime": "0308/221842", "correlationVector":"tJTCiP+NtZvb9qfPRFK707.1","action":"SyncServerConnectionManagerRequest", "result":"SYNC_SERVER_OK", "context":{"environment":"Prod_WestEurope_000l", "server":"GENERAL01000013"}}
{"logTime": "0308/221842", "correlationVector":"tJTCiP+NtZvb9qfPRFK707.2","action":"GetUpdates Response", "result":"SYNCER_OK", "context":Received 1 update(s). cV=tJTCiP+NtZvb9qfPRFK707.0;server=GENERAL01000013;cloudType=Consumer;environment=Prod_WestEurope_000l;migrationStage=NotStarted}
